


ARM Macro Assembler    Page 1 


    1 00000000         ;*******************************************************
                       ********************************
    2 00000000         ; CS 2400 Homework 5 
    3 00000000         ; By: Zachary Stall
    4 00000000         ;
    5 00000000         ; This program converts numbers from IEEE to TNS
    6 00000000         ; and TNS to IEEE. The program has four cases, 2 for 
    7 00000000         ; converting the number 128.0625 from IEEE to TNS and
    8 00000000         ; TNS to IEEE. 2 for converting 
    9 00000000         ;
   10 00000000         ; note: Use for memory map: 0x00000000, 0xFFFFFFFF
   11 00000000         ;*******************************************************
                       ********************************
   12 00000000         
   13 00000000         
   14 00000000                 AREA             zstallHW5,  CODE
   15 00000000         
   16 00000000                 ENTRY
   17 00000000         
   18 00000000         main
   19 00000000 E3A0C000        MOV              r12, #0     ; Clear to count go
                                                            od conversions
   20 00000004         
   21 00000004         ; Start with conversions from IEEE -> TNS
   22 00000004 E59F10C0        LDR              r1, num1IEEE ; Load 128.0625 in
                                                             IEEE format
   23 00000008 EB000012        BL               IEEE2TNS    ; Subroutine to con
                                                            vert IEEE to TNS
   24 0000000C E59F20BC        LDR              r2, num1TNS ; Load 128.0625 in 
                                                            TNS format
   25 00000010 E1560002        CMP              r6, r2      ; Compare to check 
                                                            conversion
   26 00000014 028CC001        ADDEQ            r12, r12, #1 ; Add one to regis
                                                            ter if conversion g
                                                            ood
   27 00000018         
   28 00000018 E59F10B4        LDR              r1, num2IEEE ; Load 2047.75 in 
                                                            IEEE format
   29 0000001C EB00000D        BL               IEEE2TNS    ; Subroutine to con
                                                            vert IEEE to TNS
   30 00000020 E59F20B0        LDR              r2, num2TNS ; Load 2047.75 in T
                                                            NS format
   31 00000024 E1560002        CMP              r6, r2      ; Compare to check 
                                                            conversion
   32 00000028 028CC001        ADDEQ            r12, r12, #1 ; Add one to regis
                                                            ter if conversion g
                                                            ood
   33 0000002C         
   34 0000002C         ; Conversions from TNS -> IEEE
   35 0000002C E59F109C        LDR              r1, num1TNS ; Load 128.0625 in 
                                                            TNS
   36 00000030 EB000016        BL               TNS2IEEE    ; Subroutine to con
                                                            vert TNS to IEEE
   37 00000034 E59F2090        LDR              r2, num1IEEE ; Load 128.0625 in
                                                             IEEE
   38 00000038 E1560002        CMP              r6, r2      ; Compare to check 
                                                            conversion
   39 0000003C 028CC001        ADDEQ            r12, r12, #1 ; Add one to regis
                                                            ter if conversion g



ARM Macro Assembler    Page 2 


                                                            ood
   40 00000040         
   41 00000040 E59F1090        LDR              r1, num2TNS ; Load 2047.75 in T
                                                            NS format
   42 00000044 EB000011        BL               TNS2IEEE    ; Subroutine to con
                                                            vert TNS to IEEE
   43 00000048 E59F2084        LDR              r2, num2IEEE ; Load 2047.75 in 
                                                            IEEE
   44 0000004C E1560002        CMP              r6, r2      ; Compare to check 
                                                            conversion
   45 00000050 028CC001        ADDEQ            r12, r12, #1 ; Add one to regis
                                                            ter if conversion g
                                                            ood
   46 00000054         
   47 00000054 EA000025        BAL              done        ; End program
   48 00000058         
   49 00000058         IEEE2TNS
   50 00000058 E59F307C        LDR              r3, mSign   ; Load Sign Mask
   51 0000005C E59F407C        LDR              r4, mExpIEEE ; Load IEEE Expone
                                                            nt Mask
   52 00000060 E59F507C        LDR              r5, mSigIEEE ; Load IEEE Signif
                                                            icant Mask address
   53 00000064         
   54 00000064         ; Unpack the IEEE number
   55 00000064 E0013003        AND              r3, r1, r3  ; Unpack the sign b
                                                            it
   56 00000068 E0014004        AND              r4, r1, r4  ; Unpack the Expone
                                                            nt
   57 0000006C E0015005        AND              r5, r1, r5  ; Unpack the signif
                                                            icant
   58 00000070         
   59 00000070         ; Convert unpacked numbers from IEEE to TNS
   60 00000070 E1A04BA4        LSR              r4, r4, #23 ; Shift Exp to TNS 
                                                            location
   61 00000074 E244407F        SUB              r4, r4, #127 ; Convert from exc
                                                            ess 127
   62 00000078 E2844C01        ADD              r4, r4, #256 ; Convert to exces
                                                            s 256
   63 0000007C         
   64 0000007C E1A050A5        LSR              r5, r5, #1  ; Shift out 23 bit 
                                                            (loss of bit from I
                                                            EEE to TNS)
   65 00000080 E1A05485        LSL              r5, r5, #9  ; Shift significant
                                                             to new location fo
                                                            r TNS
   66 00000084         
   67 00000084         ; Pack converted TNS number
   68 00000084 E1836004        ORR              r6, r3, r4  ; pack sign and exp
                                                            onent
   69 00000088 E1866005        ORR              r6, r6, r5  ; pack significant
   70 0000008C E12FFF1E        BX               lr
   71 00000090         
   72 00000090         TNS2IEEE
   73 00000090 E59F3044        LDR              r3, mSign   ; Load Sign Mask
   74 00000094 E59F404C        LDR              r4, mExpTNS ; Load TNS Exponent
                                                             Mask
   75 00000098 E59F504C        LDR              r5, mSigTNS ; Load TNS Signific
                                                            ant Mask
   76 0000009C         



ARM Macro Assembler    Page 3 


   77 0000009C         ; Unpack the TNS number
   78 0000009C E0013003        AND              r3, r1, r3  ; Unpack the Sign b
                                                            it
   79 000000A0 E0014004        AND              r4, r1, r4  ; Unpack the Expone
                                                            nt
   80 000000A4 E0015005        AND              r5, r1, r5  ; Unpack the Signif
                                                            icant
   81 000000A8         
   82 000000A8         ; Convert unpacked numbers from TNS to IEEE
   83 000000A8 E2444C01        SUB              r4, r4, #256 ; Convert from exc
                                                            ess 256 to decimal
   84 000000AC E35400FF        CMP              r4, #255    ; Check that Exp is
                                                             in IEEE range
   85 000000B0 A12FFF1E        BXGE             lr          ; If not, link back
                                                             to main
   86 000000B4 E284407F        ADD              r4, r4, #127 ; Convert to exces
                                                            s 127
   87 000000B8 E1A04B84        LSL              r4, r4, #23 ; Move TNS exponent
                                                             into IEEE place
   88 000000BC         
   89 000000BC E1A05425        LSR              r5, r5, #8  ; Move TNS signific
                                                            ant to IEEE locatio
                                                            n
   90 000000C0         
   91 000000C0         ; Pack converted TNS number
   92 000000C0 E1836004        ORR              r6, r3, r4  ; pack sign and exp
                                                            onent
   93 000000C4 E1866005        ORR              r6, r6, r5  ; pack significant
   94 000000C8 E12FFF1E        BX               lr
   95 000000CC         
   96 000000CC 43001000 
                       num1IEEE
                               DCD              &43001000   ; 128.0625 in IEEE 
                                                            hex
   97 000000D0 00100107 
                       num1TNS DCD              &00100107   ; 128.0625 in TNS h
                                                            ex
   98 000000D4         
   99 000000D4 44FFF800 
                       num2IEEE
                               DCD              &44FFF800   ; 2047.75 in IEEE h
                                                            ex
  100 000000D8 7FF8010A 
                       num2TNS DCD              &7FF8010A   ; 2047.75 in TNS he
                                                            x
  101 000000DC         
  102 000000DC 80000000 
                       mSign   DCD              &80000000   ; Sign mask for TNS
                                                             and IEEE
  103 000000E0 7F800000 
                       mExpIEEE
                               DCD              &7F800000   ; Exponent Mask for
                                                             IEEE
  104 000000E4 007FFFFF 
                       mSigIEEE
                               DCD              &007FFFFF   ; Significant Mask 
                                                            for IEEE
  105 000000E8 000001FF 
                       mExpTNS DCD              &000001FF   ; Exponent Mask for



ARM Macro Assembler    Page 4 


                                                             TNS
  106 000000EC 7FFFFE00 
                       mSigTNS DCD              &7FFFFE00   ; Significant Mask 
                                                            for TNS
  107 000000F0         
  108 000000F0 EF000011 
                       done    SWI              &11         ; End program
  109 000000F4         
  110 000000F4         
  111 000000F4                 END
Command Line: --debug --xref --apcs=interwork --depend=.\zstallhw5.2.d -o.\zsta
llhw5.2.o -IC:\Keil\ARM\RV31\INC -IC:\Keil\ARM\CMSIS\Include --predefine="__EVA
L SETA 1" --list=.\zstallhw5.2.lst zstallHW5.2.s



ARM Macro Assembler    Page 1 Alphabetic symbol ordering
Relocatable symbols

IEEE2TNS 00000058

Symbol: IEEE2TNS
   Definitions
      At line 49 in file zstallHW5.2.s
   Uses
      At line 23 in file zstallHW5.2.s
      At line 29 in file zstallHW5.2.s

TNS2IEEE 00000090

Symbol: TNS2IEEE
   Definitions
      At line 72 in file zstallHW5.2.s
   Uses
      At line 36 in file zstallHW5.2.s
      At line 42 in file zstallHW5.2.s

done 000000F0

Symbol: done
   Definitions
      At line 108 in file zstallHW5.2.s
   Uses
      At line 47 in file zstallHW5.2.s
Comment: done used once
mExpIEEE 000000E0

Symbol: mExpIEEE
   Definitions
      At line 103 in file zstallHW5.2.s
   Uses
      At line 51 in file zstallHW5.2.s
Comment: mExpIEEE used once
mExpTNS 000000E8

Symbol: mExpTNS
   Definitions
      At line 105 in file zstallHW5.2.s
   Uses
      At line 74 in file zstallHW5.2.s
Comment: mExpTNS used once
mSigIEEE 000000E4

Symbol: mSigIEEE
   Definitions
      At line 104 in file zstallHW5.2.s
   Uses
      At line 52 in file zstallHW5.2.s
Comment: mSigIEEE used once
mSigTNS 000000EC

Symbol: mSigTNS
   Definitions
      At line 106 in file zstallHW5.2.s
   Uses
      At line 75 in file zstallHW5.2.s
Comment: mSigTNS used once
mSign 000000DC



ARM Macro Assembler    Page 2 Alphabetic symbol ordering
Relocatable symbols


Symbol: mSign
   Definitions
      At line 102 in file zstallHW5.2.s
   Uses
      At line 50 in file zstallHW5.2.s
      At line 73 in file zstallHW5.2.s

main 00000000

Symbol: main
   Definitions
      At line 18 in file zstallHW5.2.s
   Uses
      None
Comment: main unused
num1IEEE 000000CC

Symbol: num1IEEE
   Definitions
      At line 96 in file zstallHW5.2.s
   Uses
      At line 22 in file zstallHW5.2.s
      At line 37 in file zstallHW5.2.s

num1TNS 000000D0

Symbol: num1TNS
   Definitions
      At line 97 in file zstallHW5.2.s
   Uses
      At line 24 in file zstallHW5.2.s
      At line 35 in file zstallHW5.2.s

num2IEEE 000000D4

Symbol: num2IEEE
   Definitions
      At line 99 in file zstallHW5.2.s
   Uses
      At line 28 in file zstallHW5.2.s
      At line 43 in file zstallHW5.2.s

num2TNS 000000D8

Symbol: num2TNS
   Definitions
      At line 100 in file zstallHW5.2.s
   Uses
      At line 30 in file zstallHW5.2.s
      At line 41 in file zstallHW5.2.s

zstallHW5 00000000

Symbol: zstallHW5
   Definitions
      At line 14 in file zstallHW5.2.s
   Uses
      None



ARM Macro Assembler    Page 3 Alphabetic symbol ordering
Relocatable symbols

Comment: zstallHW5 unused
14 symbols
345 symbols in table
